<?xml version="1.0" encoding="UTF-8"?>
<testng-results skipped="0" failed="6" total="8" passed="2">
  <reporter-output>
  </reporter-output>
  <suite name="Calc Suite" duration-ms="0" started-at="2015-06-15T18:03:12Z" finished-at="2015-06-15T18:03:12Z">
    <groups>
    </groups>
  </suite> <!-- Calc Suite -->
  <suite name="SuiteTwo" duration-ms="32386" started-at="2015-06-15T18:02:40Z" finished-at="2015-06-15T18:03:12Z">
    <groups>
    </groups>
    <test name="SuiteTwoCaseOne" duration-ms="15917" started-at="2015-06-15T18:02:40Z" finished-at="2015-06-15T18:02:56Z">
      <class name="com.stta.SuiteTwo.SuiteTwoCaseOne">
        <test-method status="PASS" signature="checkCaseToRun()[pri:0, instance:com.stta.SuiteTwo.SuiteTwoCaseOne@3a7109eb]" name="checkCaseToRun" is-config="true" duration-ms="12" started-at="2015-06-15T15:02:40Z" finished-at="2015-06-15T15:02:40Z">
          <reporter-output>
          </reporter-output>
        </test-method> <!-- checkCaseToRun -->
        <test-method status="FAIL" signature="SuiteTwoCaseOneTest(java.lang.String, java.lang.String, java.lang.String)[pri:0, instance:com.stta.SuiteTwo.SuiteTwoCaseOne@3a7109eb]" name="SuiteTwoCaseOneTest" duration-ms="14191" started-at="2015-06-15T15:02:40Z" data-provider="SuiteTwoCaseOneData" finished-at="2015-06-15T15:02:54Z">
          <params>
            <param index="0">
              <value>
                <![CDATA[9]]>
              </value>
            </param>
            <param index="1">
              <value>
                <![CDATA[5]]>
              </value>
            </param>
            <param index="2">
              <value>
                <![CDATA[45]]>
              </value>
            </param>
          </params>
          <exception class="java.lang.NullPointerException">
            <full-stacktrace>
              <![CDATA[java.lang.NullPointerException
	at com.stta.SuiteTwo.SuiteTwoCaseOne.SuiteTwoCaseOneTest(SuiteTwoCaseOne.java:86)
	at sun.reflect.NativeMethodAccessorImpl.invoke0(Native Method)
	at sun.reflect.NativeMethodAccessorImpl.invoke(NativeMethodAccessorImpl.java:57)
	at sun.reflect.DelegatingMethodAccessorImpl.invoke(DelegatingMethodAccessorImpl.java:43)
	at java.lang.reflect.Method.invoke(Method.java:606)
	at org.testng.internal.MethodInvocationHelper.invokeMethod(MethodInvocationHelper.java:84)
	at org.testng.internal.Invoker.invokeMethod(Invoker.java:714)
	at org.testng.internal.Invoker.invokeTestMethod(Invoker.java:901)
	at org.testng.internal.Invoker.invokeTestMethods(Invoker.java:1231)
	at org.testng.internal.TestMethodWorker.invokeTestMethods(TestMethodWorker.java:127)
	at org.testng.internal.TestMethodWorker.run(TestMethodWorker.java:111)
	at org.testng.TestRunner.privateRun(TestRunner.java:767)
	at org.testng.TestRunner.run(TestRunner.java:617)
	at org.testng.SuiteRunner.runTest(SuiteRunner.java:334)
	at org.testng.SuiteRunner.runSequentially(SuiteRunner.java:329)
	at org.testng.SuiteRunner.privateRun(SuiteRunner.java:291)
	at org.testng.SuiteRunner.run(SuiteRunner.java:240)
	at org.testng.SuiteRunnerWorker.runSuite(SuiteRunnerWorker.java:52)
	at org.testng.SuiteRunnerWorker.run(SuiteRunnerWorker.java:86)
	at org.testng.TestNG.runSuitesSequentially(TestNG.java:1224)
	at org.testng.TestNG.runSuitesSequentially(TestNG.java:1220)
	at org.testng.TestNG.runSuitesLocally(TestNG.java:1149)
	at org.testng.TestNG.run(TestNG.java:1057)
	at org.testng.TestNG.privateMain(TestNG.java:1364)
	at org.testng.TestNG.main(TestNG.java:1333)
]]>
            </full-stacktrace>
          </exception> <!-- java.lang.NullPointerException -->
          <reporter-output>
          </reporter-output>
        </test-method> <!-- SuiteTwoCaseOneTest -->
        <test-method status="PASS" signature="reporterDataResults()[pri:0, instance:com.stta.SuiteTwo.SuiteTwoCaseOne@3a7109eb]" name="reporterDataResults" is-config="true" duration-ms="23" started-at="2015-06-15T15:02:54Z" finished-at="2015-06-15T15:02:54Z">
          <reporter-output>
          </reporter-output>
        </test-method> <!-- reporterDataResults -->
        <test-method status="FAIL" signature="SuiteTwoCaseOneTest(java.lang.String, java.lang.String, java.lang.String)[pri:0, instance:com.stta.SuiteTwo.SuiteTwoCaseOne@3a7109eb]" name="SuiteTwoCaseOneTest" duration-ms="1627" started-at="2015-06-15T15:02:54Z" data-provider="SuiteTwoCaseOneData" finished-at="2015-06-15T15:02:56Z">
          <params>
            <param index="0">
              <value>
                <![CDATA[3]]>
              </value>
            </param>
            <param index="1">
              <value>
                <![CDATA[7]]>
              </value>
            </param>
            <param index="2">
              <value>
                <![CDATA[21]]>
              </value>
            </param>
          </params>
          <exception class="java.lang.NullPointerException">
            <full-stacktrace>
              <![CDATA[java.lang.NullPointerException
	at com.stta.SuiteTwo.SuiteTwoCaseOne.SuiteTwoCaseOneTest(SuiteTwoCaseOne.java:86)
	at sun.reflect.NativeMethodAccessorImpl.invoke0(Native Method)
	at sun.reflect.NativeMethodAccessorImpl.invoke(NativeMethodAccessorImpl.java:57)
	at sun.reflect.DelegatingMethodAccessorImpl.invoke(DelegatingMethodAccessorImpl.java:43)
	at java.lang.reflect.Method.invoke(Method.java:606)
	at org.testng.internal.MethodInvocationHelper.invokeMethod(MethodInvocationHelper.java:84)
	at org.testng.internal.Invoker.invokeMethod(Invoker.java:714)
	at org.testng.internal.Invoker.invokeTestMethod(Invoker.java:901)
	at org.testng.internal.Invoker.invokeTestMethods(Invoker.java:1231)
	at org.testng.internal.TestMethodWorker.invokeTestMethods(TestMethodWorker.java:127)
	at org.testng.internal.TestMethodWorker.run(TestMethodWorker.java:111)
	at org.testng.TestRunner.privateRun(TestRunner.java:767)
	at org.testng.TestRunner.run(TestRunner.java:617)
	at org.testng.SuiteRunner.runTest(SuiteRunner.java:334)
	at org.testng.SuiteRunner.runSequentially(SuiteRunner.java:329)
	at org.testng.SuiteRunner.privateRun(SuiteRunner.java:291)
	at org.testng.SuiteRunner.run(SuiteRunner.java:240)
	at org.testng.SuiteRunnerWorker.runSuite(SuiteRunnerWorker.java:52)
	at org.testng.SuiteRunnerWorker.run(SuiteRunnerWorker.java:86)
	at org.testng.TestNG.runSuitesSequentially(TestNG.java:1224)
	at org.testng.TestNG.runSuitesSequentially(TestNG.java:1220)
	at org.testng.TestNG.runSuitesLocally(TestNG.java:1149)
	at org.testng.TestNG.run(TestNG.java:1057)
	at org.testng.TestNG.privateMain(TestNG.java:1364)
	at org.testng.TestNG.main(TestNG.java:1333)
]]>
            </full-stacktrace>
          </exception> <!-- java.lang.NullPointerException -->
          <reporter-output>
          </reporter-output>
        </test-method> <!-- SuiteTwoCaseOneTest -->
        <test-method status="PASS" signature="reporterDataResults()[pri:0, instance:com.stta.SuiteTwo.SuiteTwoCaseOne@3a7109eb]" name="reporterDataResults" is-config="true" duration-ms="8" started-at="2015-06-15T15:02:56Z" finished-at="2015-06-15T15:02:56Z">
          <reporter-output>
          </reporter-output>
        </test-method> <!-- reporterDataResults -->
        <test-method status="PASS" signature="closeBrowser()[pri:0, instance:com.stta.SuiteTwo.SuiteTwoCaseOne@3a7109eb]" name="closeBrowser" is-config="true" duration-ms="54" started-at="2015-06-15T15:02:56Z" finished-at="2015-06-15T15:02:56Z">
          <reporter-output>
          </reporter-output>
        </test-method> <!-- closeBrowser -->
      </class> <!-- com.stta.SuiteTwo.SuiteTwoCaseOne -->
    </test> <!-- SuiteTwoCaseOne -->
    <test name="SuiteTwoCaseTwo" duration-ms="16424" started-at="2015-06-15T18:02:56Z" finished-at="2015-06-15T18:03:12Z">
      <class name="com.stta.SuiteTwo.SuiteTwoCaseTwo">
        <test-method status="PASS" signature="checkSuiteToRun()[pri:0, instance:com.stta.SuiteTwo.SuiteTwoCaseTwo@6e649f9f]" name="checkSuiteToRun" is-config="true" duration-ms="24" started-at="2015-06-15T15:02:40Z" finished-at="2015-06-15T15:02:40Z">
          <reporter-output>
          </reporter-output>
        </test-method> <!-- checkSuiteToRun -->
        <test-method status="PASS" signature="checkCaseToRun()[pri:0, instance:com.stta.SuiteTwo.SuiteTwoCaseTwo@6e649f9f]" name="checkCaseToRun" is-config="true" duration-ms="18" started-at="2015-06-15T15:02:56Z" finished-at="2015-06-15T15:02:56Z">
          <reporter-output>
          </reporter-output>
        </test-method> <!-- checkCaseToRun -->
        <test-method status="FAIL" signature="SuiteTwoCaseTwoTest(java.lang.String, java.lang.String, java.lang.String)[pri:0, instance:com.stta.SuiteTwo.SuiteTwoCaseTwo@6e649f9f]" name="SuiteTwoCaseTwoTest" duration-ms="14649" started-at="2015-06-15T15:02:56Z" data-provider="SuiteTwoCaseTwoData" finished-at="2015-06-15T15:03:11Z">
          <params>
            <param index="0">
              <value>
                <![CDATA[9]]>
              </value>
            </param>
            <param index="1">
              <value>
                <![CDATA[3]]>
              </value>
            </param>
            <param index="2">
              <value>
                <![CDATA[3]]>
              </value>
            </param>
          </params>
          <exception class="java.lang.NullPointerException">
            <full-stacktrace>
              <![CDATA[java.lang.NullPointerException
	at com.stta.SuiteTwo.SuiteTwoCaseTwo.SuiteTwoCaseTwoTest(SuiteTwoCaseTwo.java:86)
	at sun.reflect.NativeMethodAccessorImpl.invoke0(Native Method)
	at sun.reflect.NativeMethodAccessorImpl.invoke(NativeMethodAccessorImpl.java:57)
	at sun.reflect.DelegatingMethodAccessorImpl.invoke(DelegatingMethodAccessorImpl.java:43)
	at java.lang.reflect.Method.invoke(Method.java:606)
	at org.testng.internal.MethodInvocationHelper.invokeMethod(MethodInvocationHelper.java:84)
	at org.testng.internal.Invoker.invokeMethod(Invoker.java:714)
	at org.testng.internal.Invoker.invokeTestMethod(Invoker.java:901)
	at org.testng.internal.Invoker.invokeTestMethods(Invoker.java:1231)
	at org.testng.internal.TestMethodWorker.invokeTestMethods(TestMethodWorker.java:127)
	at org.testng.internal.TestMethodWorker.run(TestMethodWorker.java:111)
	at org.testng.TestRunner.privateRun(TestRunner.java:767)
	at org.testng.TestRunner.run(TestRunner.java:617)
	at org.testng.SuiteRunner.runTest(SuiteRunner.java:334)
	at org.testng.SuiteRunner.runSequentially(SuiteRunner.java:329)
	at org.testng.SuiteRunner.privateRun(SuiteRunner.java:291)
	at org.testng.SuiteRunner.run(SuiteRunner.java:240)
	at org.testng.SuiteRunnerWorker.runSuite(SuiteRunnerWorker.java:52)
	at org.testng.SuiteRunnerWorker.run(SuiteRunnerWorker.java:86)
	at org.testng.TestNG.runSuitesSequentially(TestNG.java:1224)
	at org.testng.TestNG.runSuitesSequentially(TestNG.java:1220)
	at org.testng.TestNG.runSuitesLocally(TestNG.java:1149)
	at org.testng.TestNG.run(TestNG.java:1057)
	at org.testng.TestNG.privateMain(TestNG.java:1364)
	at org.testng.TestNG.main(TestNG.java:1333)
]]>
            </full-stacktrace>
          </exception> <!-- java.lang.NullPointerException -->
          <reporter-output>
          </reporter-output>
        </test-method> <!-- SuiteTwoCaseTwoTest -->
        <test-method status="PASS" signature="reporterDataResults()[pri:0, instance:com.stta.SuiteTwo.SuiteTwoCaseTwo@6e649f9f]" name="reporterDataResults" is-config="true" duration-ms="9" started-at="2015-06-15T15:03:11Z" finished-at="2015-06-15T15:03:11Z">
          <reporter-output>
          </reporter-output>
        </test-method> <!-- reporterDataResults -->
        <test-method status="FAIL" signature="SuiteTwoCaseTwoTest(java.lang.String, java.lang.String, java.lang.String)[pri:0, instance:com.stta.SuiteTwo.SuiteTwoCaseTwo@6e649f9f]" name="SuiteTwoCaseTwoTest" duration-ms="1681" started-at="2015-06-15T15:03:11Z" data-provider="SuiteTwoCaseTwoData" finished-at="2015-06-15T15:03:12Z">
          <params>
            <param index="0">
              <value>
                <![CDATA[4]]>
              </value>
            </param>
            <param index="1">
              <value>
                <![CDATA[2]]>
              </value>
            </param>
            <param index="2">
              <value>
                <![CDATA[2]]>
              </value>
            </param>
          </params>
          <exception class="java.lang.NullPointerException">
            <full-stacktrace>
              <![CDATA[java.lang.NullPointerException
	at com.stta.SuiteTwo.SuiteTwoCaseTwo.SuiteTwoCaseTwoTest(SuiteTwoCaseTwo.java:86)
	at sun.reflect.NativeMethodAccessorImpl.invoke0(Native Method)
	at sun.reflect.NativeMethodAccessorImpl.invoke(NativeMethodAccessorImpl.java:57)
	at sun.reflect.DelegatingMethodAccessorImpl.invoke(DelegatingMethodAccessorImpl.java:43)
	at java.lang.reflect.Method.invoke(Method.java:606)
	at org.testng.internal.MethodInvocationHelper.invokeMethod(MethodInvocationHelper.java:84)
	at org.testng.internal.Invoker.invokeMethod(Invoker.java:714)
	at org.testng.internal.Invoker.invokeTestMethod(Invoker.java:901)
	at org.testng.internal.Invoker.invokeTestMethods(Invoker.java:1231)
	at org.testng.internal.TestMethodWorker.invokeTestMethods(TestMethodWorker.java:127)
	at org.testng.internal.TestMethodWorker.run(TestMethodWorker.java:111)
	at org.testng.TestRunner.privateRun(TestRunner.java:767)
	at org.testng.TestRunner.run(TestRunner.java:617)
	at org.testng.SuiteRunner.runTest(SuiteRunner.java:334)
	at org.testng.SuiteRunner.runSequentially(SuiteRunner.java:329)
	at org.testng.SuiteRunner.privateRun(SuiteRunner.java:291)
	at org.testng.SuiteRunner.run(SuiteRunner.java:240)
	at org.testng.SuiteRunnerWorker.runSuite(SuiteRunnerWorker.java:52)
	at org.testng.SuiteRunnerWorker.run(SuiteRunnerWorker.java:86)
	at org.testng.TestNG.runSuitesSequentially(TestNG.java:1224)
	at org.testng.TestNG.runSuitesSequentially(TestNG.java:1220)
	at org.testng.TestNG.runSuitesLocally(TestNG.java:1149)
	at org.testng.TestNG.run(TestNG.java:1057)
	at org.testng.TestNG.privateMain(TestNG.java:1364)
	at org.testng.TestNG.main(TestNG.java:1333)
]]>
            </full-stacktrace>
          </exception> <!-- java.lang.NullPointerException -->
          <reporter-output>
          </reporter-output>
        </test-method> <!-- SuiteTwoCaseTwoTest -->
        <test-method status="PASS" signature="reporterDataResults()[pri:0, instance:com.stta.SuiteTwo.SuiteTwoCaseTwo@6e649f9f]" name="reporterDataResults" is-config="true" duration-ms="7" started-at="2015-06-15T15:03:12Z" finished-at="2015-06-15T15:03:12Z">
          <reporter-output>
          </reporter-output>
        </test-method> <!-- reporterDataResults -->
        <test-method status="PASS" signature="closeBrowser()[pri:0, instance:com.stta.SuiteTwo.SuiteTwoCaseTwo@6e649f9f]" name="closeBrowser" is-config="true" duration-ms="59" started-at="2015-06-15T15:03:12Z" finished-at="2015-06-15T15:03:12Z">
          <reporter-output>
          </reporter-output>
        </test-method> <!-- closeBrowser -->
      </class> <!-- com.stta.SuiteTwo.SuiteTwoCaseTwo -->
    </test> <!-- SuiteTwoCaseTwo -->
  </suite> <!-- SuiteTwo -->
  <suite name="SuiteOne" duration-ms="55032" started-at="2015-06-15T18:01:45Z" finished-at="2015-06-15T18:02:40Z">
    <groups>
    </groups>
    <test name="SuiteOneCaseOne" duration-ms="37907" started-at="2015-06-15T18:01:45Z" finished-at="2015-06-15T18:02:23Z">
      <class name="com.stta.SuiteOne.SuiteOneCaseOne">
        <test-method status="PASS" signature="checkCaseToRun()[pri:0, instance:com.stta.SuiteOne.SuiteOneCaseOne@90580fa]" name="checkCaseToRun" is-config="true" duration-ms="20" started-at="2015-06-15T15:01:45Z" finished-at="2015-06-15T15:01:45Z">
          <reporter-output>
          </reporter-output>
        </test-method> <!-- checkCaseToRun -->
        <test-method status="PASS" signature="SuiteOneCaseOneTest(java.lang.String, java.lang.String, java.lang.String, java.lang.String)[pri:0, instance:com.stta.SuiteOne.SuiteOneCaseOne@90580fa]" name="SuiteOneCaseOneTest" duration-ms="34827" started-at="2015-06-15T15:01:45Z" data-provider="SuiteOneCaseOneData" finished-at="2015-06-15T15:02:20Z">
          <params>
            <param index="0">
              <value>
                <![CDATA[9]]>
              </value>
            </param>
            <param index="1">
              <value>
                <![CDATA[5]]>
              </value>
            </param>
            <param index="2">
              <value>
                <![CDATA[7]]>
              </value>
            </param>
            <param index="3">
              <value>
                <![CDATA[21]]>
              </value>
            </param>
          </params>
          <reporter-output>
          </reporter-output>
        </test-method> <!-- SuiteOneCaseOneTest -->
        <test-method status="PASS" signature="reporterDataResults()[pri:0, instance:com.stta.SuiteOne.SuiteOneCaseOne@90580fa]" name="reporterDataResults" is-config="true" duration-ms="10" started-at="2015-06-15T15:02:20Z" finished-at="2015-06-15T15:02:20Z">
          <reporter-output>
          </reporter-output>
        </test-method> <!-- reporterDataResults -->
        <test-method status="PASS" signature="SuiteOneCaseOneTest(java.lang.String, java.lang.String, java.lang.String, java.lang.String)[pri:0, instance:com.stta.SuiteOne.SuiteOneCaseOne@90580fa]" name="SuiteOneCaseOneTest" duration-ms="2987" started-at="2015-06-15T15:02:20Z" data-provider="SuiteOneCaseOneData" finished-at="2015-06-15T15:02:23Z">
          <params>
            <param index="0">
              <value>
                <![CDATA[3]]>
              </value>
            </param>
            <param index="1">
              <value>
                <![CDATA[7]]>
              </value>
            </param>
            <param index="2">
              <value>
                <![CDATA[3]]>
              </value>
            </param>
            <param index="3">
              <value>
                <![CDATA[13]]>
              </value>
            </param>
          </params>
          <reporter-output>
          </reporter-output>
        </test-method> <!-- SuiteOneCaseOneTest -->
        <test-method status="PASS" signature="reporterDataResults()[pri:0, instance:com.stta.SuiteOne.SuiteOneCaseOne@90580fa]" name="reporterDataResults" is-config="true" duration-ms="7" started-at="2015-06-15T15:02:23Z" finished-at="2015-06-15T15:02:23Z">
          <reporter-output>
          </reporter-output>
        </test-method> <!-- reporterDataResults -->
        <test-method status="PASS" signature="closeBrowser()[pri:0, instance:com.stta.SuiteOne.SuiteOneCaseOne@90580fa]" name="closeBrowser" is-config="true" duration-ms="48" started-at="2015-06-15T15:02:23Z" finished-at="2015-06-15T15:02:23Z">
          <reporter-output>
          </reporter-output>
        </test-method> <!-- closeBrowser -->
      </class> <!-- com.stta.SuiteOne.SuiteOneCaseOne -->
    </test> <!-- SuiteOneCaseOne -->
    <test name="SuiteOneCaseTwo" duration-ms="17094" started-at="2015-06-15T18:02:23Z" finished-at="2015-06-15T18:02:40Z">
      <class name="com.stta.SuiteOne.SuiteOneCaseTwo">
        <test-method status="PASS" signature="checkSuiteToRun()[pri:0, instance:com.stta.SuiteOne.SuiteOneCaseTwo@6ba6895c]" name="checkSuiteToRun" is-config="true" duration-ms="268" started-at="2015-06-15T15:01:45Z" finished-at="2015-06-15T15:01:45Z">
          <reporter-output>
          </reporter-output>
        </test-method> <!-- checkSuiteToRun -->
        <test-method status="PASS" signature="checkCaseToRun()[pri:0, instance:com.stta.SuiteOne.SuiteOneCaseTwo@6ba6895c]" name="checkCaseToRun" is-config="true" duration-ms="15" started-at="2015-06-15T15:02:23Z" finished-at="2015-06-15T15:02:23Z">
          <reporter-output>
          </reporter-output>
        </test-method> <!-- checkCaseToRun -->
        <test-method status="FAIL" signature="SuiteOneCaseTwoTest(java.lang.String, java.lang.String, java.lang.String, java.lang.String)[pri:0, instance:com.stta.SuiteOne.SuiteOneCaseTwo@6ba6895c]" name="SuiteOneCaseTwoTest" duration-ms="15262" started-at="2015-06-15T15:02:23Z" data-provider="SuiteOneCaseTwoData" finished-at="2015-06-15T15:02:38Z">
          <params>
            <param index="0">
              <value>
                <![CDATA[9]]>
              </value>
            </param>
            <param index="1">
              <value>
                <![CDATA[3]]>
              </value>
            </param>
            <param index="2">
              <value>
                <![CDATA[2]]>
              </value>
            </param>
            <param index="3">
              <value>
                <![CDATA[4]]>
              </value>
            </param>
          </params>
          <exception class="java.lang.NullPointerException">
            <full-stacktrace>
              <![CDATA[java.lang.NullPointerException
	at com.stta.SuiteOne.SuiteOneCaseTwo.SuiteOneCaseTwoTest(SuiteOneCaseTwo.java:87)
	at sun.reflect.NativeMethodAccessorImpl.invoke0(Native Method)
	at sun.reflect.NativeMethodAccessorImpl.invoke(NativeMethodAccessorImpl.java:57)
	at sun.reflect.DelegatingMethodAccessorImpl.invoke(DelegatingMethodAccessorImpl.java:43)
	at java.lang.reflect.Method.invoke(Method.java:606)
	at org.testng.internal.MethodInvocationHelper.invokeMethod(MethodInvocationHelper.java:84)
	at org.testng.internal.Invoker.invokeMethod(Invoker.java:714)
	at org.testng.internal.Invoker.invokeTestMethod(Invoker.java:901)
	at org.testng.internal.Invoker.invokeTestMethods(Invoker.java:1231)
	at org.testng.internal.TestMethodWorker.invokeTestMethods(TestMethodWorker.java:127)
	at org.testng.internal.TestMethodWorker.run(TestMethodWorker.java:111)
	at org.testng.TestRunner.privateRun(TestRunner.java:767)
	at org.testng.TestRunner.run(TestRunner.java:617)
	at org.testng.SuiteRunner.runTest(SuiteRunner.java:334)
	at org.testng.SuiteRunner.runSequentially(SuiteRunner.java:329)
	at org.testng.SuiteRunner.privateRun(SuiteRunner.java:291)
	at org.testng.SuiteRunner.run(SuiteRunner.java:240)
	at org.testng.SuiteRunnerWorker.runSuite(SuiteRunnerWorker.java:52)
	at org.testng.SuiteRunnerWorker.run(SuiteRunnerWorker.java:86)
	at org.testng.TestNG.runSuitesSequentially(TestNG.java:1224)
	at org.testng.TestNG.runSuitesSequentially(TestNG.java:1220)
	at org.testng.TestNG.runSuitesLocally(TestNG.java:1149)
	at org.testng.TestNG.run(TestNG.java:1057)
	at org.testng.TestNG.privateMain(TestNG.java:1364)
	at org.testng.TestNG.main(TestNG.java:1333)
]]>
            </full-stacktrace>
          </exception> <!-- java.lang.NullPointerException -->
          <reporter-output>
          </reporter-output>
        </test-method> <!-- SuiteOneCaseTwoTest -->
        <test-method status="PASS" signature="reporterDataResults()[pri:0, instance:com.stta.SuiteOne.SuiteOneCaseTwo@6ba6895c]" name="reporterDataResults" is-config="true" duration-ms="10" started-at="2015-06-15T15:02:38Z" finished-at="2015-06-15T15:02:38Z">
          <reporter-output>
          </reporter-output>
        </test-method> <!-- reporterDataResults -->
        <test-method status="FAIL" signature="SuiteOneCaseTwoTest(java.lang.String, java.lang.String, java.lang.String, java.lang.String)[pri:0, instance:com.stta.SuiteOne.SuiteOneCaseTwo@6ba6895c]" name="SuiteOneCaseTwoTest" duration-ms="1733" started-at="2015-06-15T15:02:38Z" data-provider="SuiteOneCaseTwoData" finished-at="2015-06-15T15:02:40Z">
          <params>
            <param index="0">
              <value>
                <![CDATA[4]]>
              </value>
            </param>
            <param index="1">
              <value>
                <![CDATA[2]]>
              </value>
            </param>
            <param index="2">
              <value>
                <![CDATA[5]]>
              </value>
            </param>
            <param index="3">
              <value>
                <![CDATA[-3]]>
              </value>
            </param>
          </params>
          <exception class="java.lang.NullPointerException">
            <full-stacktrace>
              <![CDATA[java.lang.NullPointerException
	at com.stta.SuiteOne.SuiteOneCaseTwo.SuiteOneCaseTwoTest(SuiteOneCaseTwo.java:87)
	at sun.reflect.NativeMethodAccessorImpl.invoke0(Native Method)
	at sun.reflect.NativeMethodAccessorImpl.invoke(NativeMethodAccessorImpl.java:57)
	at sun.reflect.DelegatingMethodAccessorImpl.invoke(DelegatingMethodAccessorImpl.java:43)
	at java.lang.reflect.Method.invoke(Method.java:606)
	at org.testng.internal.MethodInvocationHelper.invokeMethod(MethodInvocationHelper.java:84)
	at org.testng.internal.Invoker.invokeMethod(Invoker.java:714)
	at org.testng.internal.Invoker.invokeTestMethod(Invoker.java:901)
	at org.testng.internal.Invoker.invokeTestMethods(Invoker.java:1231)
	at org.testng.internal.TestMethodWorker.invokeTestMethods(TestMethodWorker.java:127)
	at org.testng.internal.TestMethodWorker.run(TestMethodWorker.java:111)
	at org.testng.TestRunner.privateRun(TestRunner.java:767)
	at org.testng.TestRunner.run(TestRunner.java:617)
	at org.testng.SuiteRunner.runTest(SuiteRunner.java:334)
	at org.testng.SuiteRunner.runSequentially(SuiteRunner.java:329)
	at org.testng.SuiteRunner.privateRun(SuiteRunner.java:291)
	at org.testng.SuiteRunner.run(SuiteRunner.java:240)
	at org.testng.SuiteRunnerWorker.runSuite(SuiteRunnerWorker.java:52)
	at org.testng.SuiteRunnerWorker.run(SuiteRunnerWorker.java:86)
	at org.testng.TestNG.runSuitesSequentially(TestNG.java:1224)
	at org.testng.TestNG.runSuitesSequentially(TestNG.java:1220)
	at org.testng.TestNG.runSuitesLocally(TestNG.java:1149)
	at org.testng.TestNG.run(TestNG.java:1057)
	at org.testng.TestNG.privateMain(TestNG.java:1364)
	at org.testng.TestNG.main(TestNG.java:1333)
]]>
            </full-stacktrace>
          </exception> <!-- java.lang.NullPointerException -->
          <reporter-output>
          </reporter-output>
        </test-method> <!-- SuiteOneCaseTwoTest -->
        <test-method status="PASS" signature="reporterDataResults()[pri:0, instance:com.stta.SuiteOne.SuiteOneCaseTwo@6ba6895c]" name="reporterDataResults" is-config="true" duration-ms="32" started-at="2015-06-15T15:02:40Z" finished-at="2015-06-15T15:02:40Z">
          <reporter-output>
          </reporter-output>
        </test-method> <!-- reporterDataResults -->
        <test-method status="PASS" signature="closeBrowser()[pri:0, instance:com.stta.SuiteOne.SuiteOneCaseTwo@6ba6895c]" name="closeBrowser" is-config="true" duration-ms="40" started-at="2015-06-15T15:02:40Z" finished-at="2015-06-15T15:02:40Z">
          <reporter-output>
          </reporter-output>
        </test-method> <!-- closeBrowser -->
      </class> <!-- com.stta.SuiteOne.SuiteOneCaseTwo -->
    </test> <!-- SuiteOneCaseTwo -->
  </suite> <!-- SuiteOne -->
</testng-results>
