<?xml version="1.0" encoding="UTF-8"?>
<!-- Generated by org.testng.reporters.JUnitXMLReporter -->
<testsuite hostname="VIXEST8" name="SuiteTwoCaseOne" tests="2" failures="2" timestamp="15 Jun 2015 18:02:56 GMT" time="15.917" errors="0">
  <testcase name="SuiteTwoCaseOneTest" time="14.191" classname="com.stta.SuiteTwo.SuiteTwoCaseOne">
    <failure type="java.lang.NullPointerException">
      <![CDATA[java.lang.NullPointerException
	at com.stta.SuiteTwo.SuiteTwoCaseOne.SuiteTwoCaseOneTest(SuiteTwoCaseOne.java:86)
... Removed 24 stack frames]]>
    </failure>
  </testcase> <!-- SuiteTwoCaseOneTest -->
  <testcase name="SuiteTwoCaseOneTest" time="1.627" classname="com.stta.SuiteTwo.SuiteTwoCaseOne">
    <failure type="java.lang.NullPointerException">
      <![CDATA[java.lang.NullPointerException
	at com.stta.SuiteTwo.SuiteTwoCaseOne.SuiteTwoCaseOneTest(SuiteTwoCaseOne.java:86)
... Removed 24 stack frames]]>
    </failure>
  </testcase> <!-- SuiteTwoCaseOneTest -->
</testsuite> <!-- SuiteTwoCaseOne -->
